amy schumer	0.766666666667	0.233333333333
ant-man	0.92576419214	0.0742358078603
bad blood	0.833333333333	0.166666666667
bee gees	0.954545454545	0.0454545454545
big brother	0.809248554913	0.190751445087
boko haram	0.245033112583	0.754966887417
briana	0.673913043478	0.326086956522
brock lesnar	0.877049180328	0.122950819672
caitlyn jenner	0.333333333333	0.666666666667
calibraska	0.931506849315	0.0684931506849
carly fiorina	0.432	0.568
cate blanchett	0.906976744186	0.093023255814
charlie hebdo	0.272727272727	0.727272727273
chris evans	0.900826446281	0.099173553719
christians	0.566037735849	0.433962264151
chuck norris	0.578947368421	0.421052631579
curtis	0.919191919192	0.0808080808081
dana white	0.55	0.45
dark souls	0.816091954023	0.183908045977
david bowie	0.947916666667	0.0520833333333
david price	0.829268292683	0.170731707317
david wright	0.838383838384	0.161616161616
dean ambrose	0.88	0.12
dunkin	0.890804597701	0.109195402299
dustin johnson	0.844262295082	0.155737704918
ed sheeran	0.940476190476	0.0595238095238
eid	0.976377952756	0.0236220472441
floyd mayweather	0.734375	0.265625
foo fighters	0.930735930736	0.0692640692641
frank gifford	0.891025641026	0.108974358974
frank ocean	0.743243243243	0.256756756757
gay	0.557894736842	0.442105263158
george harrison	0.979591836735	0.0204081632653
george osborne	0.352941176471	0.647058823529
gucci	0.872093023256	0.127906976744
hulk hogan	0.478723404255	0.521276595745
ice cube	0.885135135135	0.114864864865
ira	0.388429752066	0.611570247934
iran	0.447368421053	0.552631578947
iron maiden	0.963235294118	0.0367647058824
islam	0.576642335766	0.423357664234
israel	0.557522123894	0.442477876106
janet jackson	0.948979591837	0.0510204081633
jason aldean	0.971428571429	0.0285714285714
john cena	0.806896551724	0.193103448276
john kasich	0.458333333333	0.541666666667
josh hamilton	0.77358490566	0.22641509434
justin bieber	0.875	0.125
kane	0.731182795699	0.268817204301
kanye west	0.581560283688	0.418439716312
katy perry	0.884615384615	0.115384615385
kendrick	0.843575418994	0.156424581006
kendrick lamar	0.857142857143	0.142857142857
kim kardashian	0.684210526316	0.315789473684
kpop	0.894736842105	0.105263157895
kris bryant	0.722772277228	0.277227722772
lady gaga	0.881578947368	0.118421052632
milan	0.925	0.075
miss usa	0.936170212766	0.063829787234
moto g	0.967741935484	0.0322580645161
murray	0.859649122807	0.140350877193
muslims	0.396825396825	0.603174603175
naruto	0.938271604938	0.0617283950617
national hot dog day	0.960264900662	0.0397350993377
national ice cream day	0.962025316456	0.0379746835443
niall	0.888888888889	0.111111111111
nicki	0.748091603053	0.251908396947
nirvana	0.93023255814	0.0697674418605
paper towns	0.902857142857	0.0971428571429
paul dunne	0.947368421053	0.0526315789474
paul mccartney	0.905172413793	0.0948275862069
prince george	0.96062992126	0.0393700787402
ps4	0.869565217391	0.130434782609
rahul gandhi	0.472972972973	0.527027027027
randy orton	0.837209302326	0.162790697674
real madrid	0.685714285714	0.314285714286
red sox	0.884210526316	0.115789473684
rolling stone	0.872340425532	0.127659574468
rousey	0.761904761905	0.238095238095
ryan braun	0.833333333333	0.166666666667
sam smith	0.873493975904	0.126506024096
saudi arabia	0.366197183099	0.633802816901
scott walker	0.277777777778	0.722222222222
seth rollins	0.801886792453	0.198113207547
sharknado	0.853801169591	0.146198830409
shawn	0.91875	0.08125
star wars day	0.869565217391	0.130434782609
super eagles	0.9	0.1
the vamps	0.983333333333	0.0166666666667
thor	0.839743589744	0.160256410256
tom brady	0.672727272727	0.327272727273
tony blair	0.293333333333	0.706666666667
twilight	0.859154929577	0.140845070423
u2	0.881720430108	0.118279569892
watchman	0.95	0.05
white sox	0.88679245283	0.11320754717
yakub	0.336363636364	0.663636363636
yoga	0.950617283951	0.0493827160494
zac brown band	0.964601769912	0.0353982300885
zayn	0.803418803419	0.196581196581
