amy schumer	0.819845975574	0.180154024426
ant-man	0.916020298957	0.0839797010427
bad blood	0.867823619555	0.132176380445
bee gees	0.941963544365	0.0580364556347
big brother	0.8761945838	0.1238054162
boko haram	0.968672023088	0.0313279769119
briana	0.695349610518	0.304650389482
brock lesnar	0.922722054271	0.0772779457291
caitlyn jenner	0.33032615505	0.66967384495
calibraska	0.856786439033	0.143213560967
carly fiorina	0.763809627168	0.236190372832
cate blanchett	0.909819885478	0.0901801145219
charlie hebdo	0.660082346518	0.339917653482
chris evans	0.919071587582	0.0809284124182
christians	0.596537952961	0.403462047039
chuck norris	0.666398986404	0.333601013596
curtis	0.908082450323	0.0919175496766
dana white	0.785991403778	0.214008596222
dark souls	0.837881556535	0.162118443465
david bowie	0.938855487399	0.061144512601
david price	0.964127639632	0.0358723603683
david wright	0.939084890441	0.0609151095591
dean ambrose	0.937119028912	0.0628809710876
dunkin	0.888312310242	0.111687689758
dustin johnson	0.841705599431	0.158294400569
ed sheeran	0.924184247141	0.0758157528593
eid	0.948705973591	0.0512940264089
floyd mayweather	0.769895950605	0.230104049395
foo fighters	0.932509841905	0.0674901580952
frank gifford	0.887656016147	0.112343983853
frank ocean	0.801762858285	0.198237141715
gay	0.585527990755	0.414472009245
george harrison	0.96822302903	0.0317769709697
george osborne	0.545401578733	0.454598421267
gucci	0.858945829154	0.141054170846
hulk hogan	0.754946409152	0.245053590848
ice cube	0.939469861333	0.0605301386674
ira	0.565240138273	0.434759861727
iran	0.541204206618	0.458795793382
iron maiden	0.957459876659	0.0425401233409
islam	0.615941059573	0.384058940427
israel	0.624212558952	0.375787441048
janet jackson	0.980555782732	0.0194442172681
jason aldean	0.907615138156	0.0923848618441
john cena	0.907765584239	0.0922344157607
john kasich	0.596946494865	0.403053505135
josh hamilton	0.970763800105	0.0292361998949
justin bieber	0.950114027474	0.0498859725265
kane	0.766322386887	0.233677613113
kanye west	0.698877625867	0.301122374133
katy perry	0.868868053107	0.131131946893
kendrick	0.817380374615	0.182619625385
kendrick lamar	0.876767006588	0.123232993412
kim kardashian	0.822464610603	0.177535389397
kpop	0.908128277654	0.0918717223457
kris bryant	0.950204784204	0.0497952157964
lady gaga	0.944218923168	0.0557810768317
milan	0.944414623955	0.0555853760453
miss usa	0.923898952541	0.076101047459
moto g	0.952173362002	0.0478266379981
murray	0.927508898915	0.0724911010852
muslims	0.513240336674	0.486759663326
naruto	0.890320028924	0.109679971076
national hot dog day	0.926087304477	0.0739126955234
national ice cream day	0.955725040498	0.044274959502
niall	0.975018041961	0.0249819580389
nicki	0.802437326959	0.197562673041
nirvana	0.932645486133	0.0673545138672
paper towns	0.867192427967	0.132807572033
paul dunne	0.930092722116	0.0699072778843
paul mccartney	0.992168168445	0.00783183155542
prince george	0.980199385356	0.0198006146439
ps4	0.93711104892	0.0628889510805
rahul gandhi	0.638836177257	0.361163822743
randy orton	0.897508135524	0.102491864476
real madrid	0.969829341593	0.0301706584072
red sox	0.867740749467	0.132259250533
rolling stone	0.880685061443	0.119314938557
rousey	0.797721744391	0.202278255609
ryan braun	0.913131944231	0.0868680557693
sam smith	0.925163912248	0.0748360877516
saudi arabia	0.566693597234	0.433306402766
scott walker	0.395239171394	0.604760828606
seth rollins	0.983982840754	0.0160171592462
sharknado	0.777448686097	0.222551313903
shawn	0.884119426348	0.115880573652
star wars day	0.994830589165	0.0051694108353
super eagles	0.976310650423	0.0236893495766
the vamps	0.915461750617	0.0845382493833
thor	0.862401677499	0.137598322501
tom brady	0.792331621343	0.207668378657
tony blair	0.429313522985	0.570686477015
twilight	0.91942959411	0.0805704058904
u2	0.910342483419	0.0896575165805
watchman	0.871113714331	0.128886285669
white sox	0.845969569692	0.154030430308
yakub	0.532517096313	0.467482903687
yoga	0.980934219492	0.0190657805082
zac brown band	0.994550548146	0.00544945185383
zayn	0.93904268471	0.0609573152902
