amy schumer	0.766666666666667	0.233333333333333
ant-man	0.895196506550218	0.104803493449782
bad blood	0.757575757575758	0.242424242424242
bee gees	0.931818181818182	0.0681818181818182
big brother	0.751445086705202	0.248554913294798
boko haram	0.443708609271523	0.556291390728477
briana	0.608695652173913	0.391304347826087
brock lesnar	0.737704918032787	0.262295081967213
caitlyn jenner	0.483870967741935	0.516129032258065
calibraska	0.863013698630137	0.136986301369863
carly fiorina	0.736	0.264
cate blanchett	0.883720930232558	0.116279069767442
charlie hebdo	0.345454545454545	0.654545454545455
chris evans	0.801652892561983	0.198347107438017
christians	0.613207547169811	0.386792452830189
chuck norris	0.684210526315789	0.315789473684211
curtis	0.848484848484849	0.151515151515152
dana white	0.625	0.375
dark souls	0.747126436781609	0.252873563218391
david bowie	0.895833333333333	0.104166666666667
david price	0.910569105691057	0.0894308943089431
david wright	0.898989898989899	0.101010101010101
dean ambrose	0.76	0.24
dunkin	0.839080459770115	0.160919540229885
dustin johnson	0.745901639344262	0.254098360655738
ed sheeran	0.880952380952381	0.119047619047619
eid	0.937007874015748	0.062992125984252
floyd mayweather	0.640625	0.359375
foo fighters	0.9004329004329	0.0995670995670996
frank gifford	0.743589743589744	0.256410256410256
frank ocean	0.662162162162162	0.337837837837838
gay	0.6	0.4
george harrison	0.836734693877551	0.163265306122449
george osborne	0.602941176470588	0.397058823529412
gucci	0.790697674418605	0.209302325581395
hulk hogan	0.553191489361702	0.446808510638298
ice cube	0.851351351351351	0.148648648648649
ira	0.40495867768595	0.59504132231405
iran	0.592105263157895	0.407894736842105
iron maiden	0.904411764705882	0.0955882352941176
islam	0.605839416058394	0.394160583941606
israel	0.592920353982301	0.407079646017699
janet jackson	0.918367346938776	0.0816326530612245
jason aldean	0.964285714285714	0.0357142857142857
john cena	0.744827586206897	0.255172413793103
john kasich	0.680555555555556	0.319444444444444
josh hamilton	0.773584905660377	0.226415094339623
justin bieber	0.833333333333333	0.166666666666667
kane	0.634408602150538	0.365591397849462
kanye west	0.680851063829787	0.319148936170213
katy perry	0.788461538461538	0.211538461538462
kendrick	0.687150837988827	0.312849162011173
kendrick lamar	0.876190476190476	0.123809523809524
kim kardashian	0.684210526315789	0.315789473684211
kpop	0.815789473684211	0.184210526315789
kris bryant	0.841584158415842	0.158415841584158
lady gaga	0.776315789473684	0.223684210526316
milan	0.8875	0.1125
miss usa	0.872340425531915	0.127659574468085
moto g	0.903225806451613	0.0967741935483871
murray	0.815789473684211	0.184210526315789
muslims	0.5	0.5
naruto	0.808641975308642	0.191358024691358
national hot dog day	0.913907284768212	0.0860927152317881
national ice cream day	0.930379746835443	0.069620253164557
niall	0.814814814814815	0.185185185185185
nicki	0.618320610687023	0.381679389312977
nirvana	0.844961240310077	0.155038759689922
paper towns	0.914285714285714	0.0857142857142857
paul dunne	0.756578947368421	0.243421052631579
paul mccartney	0.844827586206897	0.155172413793103
prince george	0.94488188976378	0.0551181102362205
ps4	0.843478260869565	0.156521739130435
rahul gandhi	0.635135135135135	0.364864864864865
randy orton	0.767441860465116	0.232558139534884
real madrid	0.685714285714286	0.314285714285714
red sox	0.778947368421053	0.221052631578947
rolling stone	0.787234042553192	0.212765957446809
rousey	0.666666666666667	0.333333333333333
ryan braun	0.733333333333333	0.266666666666667
sam smith	0.789156626506024	0.210843373493976
saudi arabia	0.422535211267606	0.577464788732394
scott walker	0.541666666666667	0.458333333333333
seth rollins	0.754716981132076	0.245283018867925
sharknado	0.736842105263158	0.263157894736842
shawn	0.83125	0.16875
star wars day	0.804347826086957	0.195652173913043
super eagles	0.9	0.1
the vamps	0.883333333333333	0.116666666666667
thor	0.826923076923077	0.173076923076923
tom brady	0.709090909090909	0.290909090909091
tony blair	0.453333333333333	0.546666666666667
twilight	0.753521126760563	0.246478873239437
u2	0.763440860215054	0.236559139784946
watchman	0.95	0.05
white sox	0.811320754716981	0.188679245283019
yakub	0.427272727272727	0.572727272727273
yoga	0.91358024691358	0.0864197530864197
zac brown band	0.911504424778761	0.0884955752212389
zayn	0.717948717948718	0.282051282051282
