amy schumer	0.778930746888	0.221069253112
ant-man	0.41210837489	0.58789162511
bad blood	0.762110756627	0.237889243373
bee gees	0.845092720992	0.154907279008
big brother	0.614444317702	0.385555682298
boko haram	0.346507351799	0.653492648201
briana	0.286924756226	0.713075243774
brock lesnar	0.29348614747	0.70651385253
caitlyn jenner	0.257379296453	0.742620703547
calibraska	0.795795285296	0.204204714704
carly fiorina	0.311713928822	0.688286071178
cate blanchett	0.839926466796	0.160073533204
charlie hebdo	0.199239755095	0.800760244905
chris evans	0.675257031238	0.324742968762
christians	0.309492749596	0.690507250404
chuck norris	0.826085119689	0.173914880311
curtis	0.667931335298	0.332068664702
dana white	0.187786494123	0.812213505877
dark souls	0.725379391029	0.274620608971
david bowie	0.69830233263	0.30169766737
david price	0.711173878745	0.288826121255
david wright	0.263695483911	0.736304516089
dean ambrose	0.128832675082	0.871167324918
dunkin	0.334368214968	0.665631785032
dustin johnson	0.722038379916	0.277961620084
ed sheeran	0.648069441577	0.351930558423
eid	0.691227508457	0.308772491543
floyd mayweather	0.218105927711	0.781894072289
foo fighters	0.413596319854	0.586403680146
frank gifford	0.717738064959	0.282261935041
frank ocean	0.327493917092	0.672506082908
gay	0.302299910059	0.697700089941
george harrison	0.810368895748	0.189631104252
george osborne	0.247602935339	0.752397064661
gucci	0.269564701874	0.730435298126
hulk hogan	0.31933944837	0.68066055163
ice cube	0.342102917406	0.657897082594
ira	0.35538774168	0.64461225832
iran	0.280007984729	0.719992015271
iron maiden	0.68677627903	0.31322372097
islam	0.34624552137	0.65375447863
israel	0.306821782484	0.693178217516
janet jackson	0.717625322114	0.282374677886
jason aldean	0.735246185786	0.264753814214
john cena	0.347037512806	0.652962487194
john kasich	0.253472562898	0.746527437102
josh hamilton	0.799805508344	0.200194491656
justin bieber	0.652129907596	0.347870092404
kane	0.317847024585	0.682152975415
kanye west	0.356222507893	0.643777492107
katy perry	0.807472097467	0.192527902533
kendrick	0.37072899965	0.62927100035
kendrick lamar	0.748096488754	0.251903511246
kim kardashian	0.225120238825	0.774879761175
kpop	0.26494318662	0.73505681338
kris bryant	0.257542773527	0.742457226473
lady gaga	0.757493205376	0.242506794624
milan	0.381363157907	0.618636842093
miss usa	0.808672789284	0.191327210716
moto g	0.795302094217	0.204697905783
murray	0.326536040315	0.673463959685
muslims	0.363786473687	0.636213526313
naruto	0.634942014051	0.365057985949
national hot dog day	0.729928565369	0.270071434631
national ice cream day	0.729392603046	0.270607396954
niall	0.658413762369	0.341586237631
nicki	0.345721003619	0.654278996381
nirvana	0.626262567889	0.373737432111
paper towns	0.658937362598	0.341062637402
paul dunne	0.707383284561	0.292616715439
paul mccartney	0.684288986959	0.315711013041
prince george	0.73816373897	0.26183626103
ps4	0.688694108145	0.311305891855
rahul gandhi	0.248145677516	0.751854322484
randy orton	0.17405111065	0.82594888935
real madrid	0.836406017189	0.163593982811
red sox	0.269283159009	0.730716840991
rolling stone	0.802959451548	0.197040548452
rousey	0.26967073672	0.73032926328
ryan braun	0.790914651312	0.209085348688
sam smith	0.629797007915	0.370202992085
saudi arabia	0.267536912759	0.732463087241
scott walker	0.252440465282	0.747559534718
seth rollins	0.280004477686	0.719995522314
sharknado	0.349024807129	0.650975192871
shawn	0.382147645873	0.617852354127
star wars day	0.765377957638	0.234622042362
super eagles	0.85582571587	0.14417428413
the vamps	0.779584493369	0.220415506631
thor	0.39016012864	0.60983987136
tom brady	0.320878292621	0.679121707379
tony blair	0.264032907988	0.735967092012
twilight	0.602661788215	0.397338211785
u2	0.690525126394	0.309474873606
watchman	0.795135683406	0.204864316594
white sox	0.794526804366	0.205473195634
yakub	0.308268393009	0.691731606991
yoga	0.77622535706	0.22377464294
zac brown band	0.746697984991	0.253302015009
zayn	0.32283172842	0.67716827158