amy schumer	0.766667	0.233333
ant-man	0.899563	0.100437
bad blood	0.833333	0.166667
bee gees	0.977273	0.022727
big brother	0.895954	0.104046
boko haram	0.000000	1.000000
briana	0.728261	0.271739
brock lesnar	0.942623	0.057377
caitlyn jenner	0.537634	0.462366
calibraska	0.931507	0.068493
carly fiorina	0.728000	0.272000
cate blanchett	1.000000	0.000000
charlie hebdo	0.381818	0.618182
chris evans	0.966942	0.033058
christians	0.424528	0.575472
chuck norris	0.657895	0.342105
curtis	0.898990	0.101010
dana white	0.650000	0.350000
dark souls	0.942529	0.057471
david bowie	1.000000	0.000000
david price	0.951220	0.048780
david wright	0.969697	0.030303
dean ambrose	0.920000	0.080000
dunkin	0.931034	0.068966
dustin johnson	0.909836	0.090164
ed sheeran	0.994048	0.005952
eid	0.968504	0.031496
floyd mayweather	0.812500	0.187500
foo fighters	0.978355	0.021645
frank gifford	0.942308	0.057692
frank ocean	0.898649	0.101351
gay	0.473684	0.526316
george harrison	0.979592	0.020408
george osborne	0.264706	0.735294
gucci	0.837209	0.162791
hulk hogan	0.585106	0.414894
ice cube	0.959459	0.040541
ira	0.272727	0.727273
iran	0.197368	0.802632
iron maiden	0.985294	0.014706
islam	0.467153	0.532847
israel	0.380531	0.619469
janet jackson	0.959184	0.040816
jason aldean	0.992857	0.007143
john cena	0.875862	0.124138
john kasich	0.402778	0.597222
josh hamilton	1.000000	0.000000
justin bieber	0.958333	0.041667
kane	0.827957	0.172043
kanye west	0.737589	0.262411
katy perry	1.000000	0.000000
kendrick	0.921788	0.078212
kendrick lamar	0.980952	0.019048
kim kardashian	0.771930	0.228070
kpop	0.894737	0.105263
kris bryant	0.980198	0.019802
lady gaga	0.973684	0.026316
milan	0.962500	0.037500
miss usa	0.957447	0.042553
moto g	0.967742	0.032258
murray	0.947368	0.052632
muslims	0.182540	0.817460
naruto	0.938272	0.061728
national hot dog day	0.947020	0.052980
national ice cream day	0.993671	0.006329
niall	0.940741	0.059259
nicki	0.801527	0.198473
nirvana	0.961240	0.038760
paper towns	0.942857	0.057143
paul dunne	0.921053	0.078947
paul mccartney	0.939655	0.060345
prince george	0.992126	0.007874
ps4	0.921739	0.078261
rahul gandhi	0.216216	0.783784
randy orton	0.906977	0.093023
real madrid	0.914286	0.085714
red sox	0.957895	0.042105
rolling stone	0.957447	0.042553
rousey	0.821429	0.178571
ryan braun	0.933333	0.066667
sam smith	0.963855	0.036145
saudi arabia	0.253521	0.746479
scott walker	0.319444	0.680556
seth rollins	0.933962	0.066038
sharknado	0.824561	0.175439
shawn	0.956250	0.043750
star wars day	0.989130	0.010870
super eagles	0.975000	0.025000
the vamps	0.983333	0.016667
thor	0.935897	0.064103
tom brady	0.681818	0.318182
tony blair	0.240000	0.760000
twilight	0.936620	0.063380
u2	0.935484	0.064516
watchman	0.866667	0.133333
white sox	0.943396	0.056604
yakub	0.190909	0.809091
yoga	0.975309	0.024691
zac brown band	1.000000	0.000000
zayn	0.854701	0.145299
