amy schumer	0.866667	0.133333
ant-man	0.917031	0.082969
bad blood	0.848485	0.151515
bee gees	0.840909	0.159091
big brother	0.878613	0.121387
boko haram	0.536424	0.463576
briana	0.793478	0.206522
brock lesnar	0.926230	0.073770
caitlyn jenner	0.741935	0.258065
calibraska	0.972603	0.027397
carly fiorina	0.688000	0.312000
cate blanchett	0.790698	0.209302
charlie hebdo	0.727273	0.272727
chris evans	0.884298	0.115702
christians	0.773585	0.226415
chuck norris	0.815789	0.184211
curtis	0.848485	0.151515
dana white	0.700000	0.300000
dark souls	0.908046	0.091954
david bowie	0.864583	0.135417
david price	0.813008	0.186992
david wright	0.888889	0.111111
dean ambrose	0.880000	0.120000
dunkin	0.896552	0.103448
dustin johnson	0.819672	0.180328
ed sheeran	0.952381	0.047619
eid	0.771654	0.228346
floyd mayweather	0.921875	0.078125
foo fighters	0.913420	0.086580
frank gifford	0.775641	0.224359
frank ocean	0.797297	0.202703
gay	0.778947	0.221053
george harrison	0.897959	0.102041
george osborne	0.617647	0.382353
gucci	0.767442	0.232558
hulk hogan	0.861702	0.138298
ice cube	0.837838	0.162162
ira	0.636364	0.363636
iran	0.671053	0.328947
iron maiden	0.882353	0.117647
islam	0.693431	0.306569
israel	0.743363	0.256637
janet jackson	0.846939	0.153061
jason aldean	0.964286	0.035714
john cena	0.855172	0.144828
john kasich	0.777778	0.222222
josh hamilton	0.754717	0.245283
justin bieber	0.902778	0.097222
kane	0.860215	0.139785
kanye west	0.815603	0.184397
katy perry	0.923077	0.076923
kendrick	0.703911	0.296089
kendrick lamar	0.828571	0.171429
kim kardashian	0.877193	0.122807
kpop	0.881579	0.118421
kris bryant	0.821782	0.178218
lady gaga	0.947368	0.052632
milan	0.793750	0.206250
miss usa	0.872340	0.127660
moto g	0.935484	0.064516
murray	0.894737	0.105263
muslims	0.690476	0.309524
naruto	0.907407	0.092593
national hot dog day	0.708609	0.291391
national ice cream day	0.943038	0.056962
niall	0.881481	0.118519
nicki	0.824427	0.175573
nirvana	0.868217	0.131783
paper towns	0.960000	0.040000
paul dunne	0.934211	0.065789
paul mccartney	0.913793	0.086207
prince george	0.929134	0.070866
ps4	0.930435	0.069565
rahul gandhi	0.716216	0.283784
randy orton	0.906977	0.093023
real madrid	0.742857	0.257143
red sox	0.894737	0.105263
rolling stone	0.851064	0.148936
rousey	0.738095	0.261905
ryan braun	0.733333	0.266667
sam smith	0.927711	0.072289
saudi arabia	0.746479	0.253521
scott walker	0.652778	0.347222
seth rollins	0.933962	0.066038
sharknado	0.953216	0.046784
shawn	0.918750	0.081250
star wars day	0.945652	0.054348
super eagles	0.700000	0.300000
the vamps	1.000000	0.000000
thor	0.833333	0.166667
tom brady	0.827273	0.172727
tony blair	0.773333	0.226667
twilight	0.830986	0.169014
u2	0.913978	0.086022
watchman	0.916667	0.083333
white sox	0.811321	0.188679
yakub	0.709091	0.290909
yoga	0.901235	0.098765
zac brown band	0.920354	0.079646
zayn	0.880342	0.119658
