amy schumer	0.616667	0.383333
ant-man	0.894737	0.105263
bad blood	0.575758	0.424242
bee gees	0.954545	0.045455
big brother	0.895954	0.104046
boko haram	0.490066	0.509934
briana	0.695652	0.304348
brock lesnar	0.852459	0.147541
caitlyn jenner	0.387097	0.612903
calibraska	0.876712	0.123288
carly fiorina	0.798387	0.201613
cate blanchett	0.906977	0.093023
charlie hebdo	0.436364	0.563636
chris evans	0.900826	0.099174
christians	0.427184	0.572816
chuck norris	0.710526	0.289474
curtis	0.828283	0.171717
dana white	0.600000	0.400000
dark souls	0.804598	0.195402
david bowie	0.906250	0.093750
david price	0.918699	0.081301
david wright	0.979798	0.020202
dean ambrose	0.800000	0.200000
dunkin	0.798851	0.201149
dustin johnson	0.885246	0.114754
ed sheeran	0.964072	0.035928
eid	0.897638	0.102362
floyd mayweather	0.812500	0.187500
foo fighters	0.948052	0.051948
frank gifford	0.967949	0.032051
frank ocean	0.891892	0.108108
gay	0.484211	0.515789
george harrison	0.959184	0.040816
george osborne	0.602941	0.397059
gucci	0.744186	0.255814
hulk hogan	0.595745	0.404255
ice cube	0.891892	0.108108
ira	0.388430	0.611570
iran	0.386667	0.613333
iron maiden	0.926471	0.073529
islam	0.492754	0.507246
israel	0.508929	0.491071
janet jackson	0.989899	0.010101
jason aldean	0.992857	0.007143
john cena	0.930556	0.069444
john kasich	0.388889	0.611111
josh hamilton	0.943396	0.056604
justin bieber	0.930070	0.069930
kane	0.728261	0.271739
kanye west	0.730496	0.269504
katy perry	0.750000	0.250000
kendrick	0.787709	0.212291
kendrick lamar	0.857143	0.142857
kim kardashian	0.672414	0.327586
kpop	0.697368	0.302632
kris bryant	0.850000	0.150000
lady gaga	0.855263	0.144737
milan	0.918750	0.081250
miss usa	0.851064	0.148936
moto g	0.919355	0.080645
murray	0.929825	0.070175
muslims	0.164062	0.835938
naruto	0.901235	0.098765
national hot dog day	0.880795	0.119205
national ice cream day	0.924051	0.075949
niall	0.857143	0.142857
nicki	0.725191	0.274809
nirvana	0.961240	0.038760
paper towns	0.823864	0.176136
paul dunne	0.861842	0.138158
paul mccartney	0.896552	0.103448
prince george	0.976378	0.023622
ps4	0.808696	0.191304
rahul gandhi	0.594595	0.405405
randy orton	0.833333	0.166667
real madrid	0.914286	0.085714
red sox	0.873684	0.126316
rolling stone	0.893617	0.106383
rousey	0.702381	0.297619
ryan braun	0.750000	0.250000
sam smith	0.921687	0.078313
saudi arabia	0.506849	0.493151
scott walker	0.342466	0.657534
seth rollins	0.916667	0.083333
sharknado	0.766082	0.233918
shawn	0.893750	0.106250
star wars day	0.999999	0.000001
super eagles	0.975000	0.025000
the vamps	0.866667	0.133333
thor	0.839744	0.160256
tom brady	0.845455	0.154545
tony blair	0.346667	0.653333
twilight	0.894366	0.105634
u2	0.860215	0.139785
watchman	0.866667	0.133333
white sox	0.909091	0.090909
yakub	0.372727	0.627273
yoga	0.950617	0.049383
zac brown band	0.991150	0.008850
zayn	0.773109	0.226891
