amy schumer	0.886	0.114
ant-man	0.896	0.104
bad blood	0.864	0.136
bee gees	0.919	0.081
big brother	0.886	0.114
boko haram	0.771	0.229
briana	0.844	0.156
brock lesnar	0.909	0.091
caitlyn jenner	0.782	0.218
calibraska	0.884	0.116
carly fiorina	0.643	0.357
cate blanchett	0.868	0.132
charlie hebdo	0.722	0.278
chris evans	0.886	0.114
christians	0.744	0.256
chuck norris	0.855	0.145
curtis	0.89	0.11
dana white	0.804	0.196
dark souls	0.88	0.12
david bowie	0.901	0.099
david price	0.895	0.105
david wright	0.904	0.096
dean ambrose	0.905	0.095
dunkin	0.908	0.092
dustin johnson	0.89	0.11
ed sheeran	0.873	0.127
eid	0.903	0.097
floyd mayweather	0.888	0.112
foo fighters	0.912	0.088
frank gifford	0.904	0.096
frank ocean	0.868	0.132
gay	0.698	0.302
george harrison	0.882	0.118
george osborne	0.809	0.191
gucci	0.882	0.118
hulk hogan	0.554	0.446
ice cube	0.882	0.118
ira	0.745	0.255
iran	0.634	0.366
iron maiden	0.891	0.109
islam	0.776	0.224
israel	0.773	0.227
janet jackson	0.916	0.084
jason aldean	0.936	0.064
john cena	0.893	0.107
john kasich	0.701	0.299
josh hamilton	0.891	0.109
justin bieber	0.896	0.104
kane	0.844	0.156
kanye west	0.803	0.197
katy perry	0.83	0.17
kendrick	0.853	0.147
kendrick lamar	0.859	0.141
kim kardashian	0.856	0.144
kpop	0.848	0.152
kris bryant	0.902	0.098
lady gaga	0.905	0.095
milan	0.895	0.105
miss usa	0.848	0.152
moto g	0.888	0.112
murray	0.894	0.106
muslims	0.779	0.221
naruto	0.886	0.114
national hot dog day	0.813	0.187
national ice cream day	0.839	0.161
niall	0.901	0.099
nicki	0.871	0.129
nirvana	0.895	0.105
paper towns	0.899	0.101
paul dunne	0.891	0.109
paul mccartney	0.886	0.114
prince george	0.927	0.073
ps4	0.889	0.111
rahul gandhi	0.776	0.224
randy orton	0.877	0.123
real madrid	0.878	0.122
red sox	0.893	0.107
rolling stone	0.843	0.157
rousey	0.85	0.15
ryan braun	0.883	0.117
sam smith	0.902	0.098
saudi arabia	0.762	0.238
scott walker	0.531	0.469
seth rollins	0.875	0.125
sharknado	0.884	0.116
shawn	0.904	0.096
star wars day	0.947	0.053
super eagles	0.876	0.124
the vamps	0.9	0.1
thor	0.884	0.116
tom brady	0.868	0.132
tony blair	0.726	0.274
twilight	0.885	0.115
u2	0.898	0.102
watchman	0.866	0.134
white sox	0.894	0.106
yakub	0.728	0.272
yoga	0.919	0.081
zac brown band	0.917	0.083
zayn	0.882	0.118
