amy schumer	.84036728	.15963272
ant-man	.95076367	.04923633
bad blood	.87658479	.12341521
bee gees	.97911679	.02088321
big brother	.93526120	.06473880
boko haram	.64631821	.35368179
briana	.79589651	.20410349
brock lesnar	.96543200	.03456800
caitlyn jenner	.60861990	.39138010
calibraska	.98261169	.01738831
carly fiorina	.71533468	.28466532
cate blanchett	.87580328	.12419672
charlie hebdo	.59434230	.40565770
chris evans	.93426038	.06573962
christians	.68108742	.31891258
chuck norris	.66752509	.33247491
curtis	.93247732	.06752268
dana white	.77366874	.22633126
dark souls	.91185628	.08814372
david bowie	.91252302	.08747698
david price	.92110205	.07889795
david wright	.92511846	.07488154
dean ambrose	.94914358	.05085642
dunkin	.96981767	.03018233
dustin johnson	.88387602	.11612398
ed sheeran	.97418068	.02581932
eid	.94152995	.05847005
floyd mayweather	.88959000	.11041000
foo fighters	.98719991	.01280009
frank gifford	.94905643	.05094357
frank ocean	.88092359	.11907641
gay	.62240684	.37759316
george harrison	.92755364	.07244636
george osborne	.69638966	.30361034
gucci	.87856832	.12143168
hulk hogan	.60299633	.39700367
ice cube	.92421676	.07578324
ira	.57595543	.42404457
iran	.39390255	.60609745
iron maiden	.95847551	.04152449
islam	.58174648	.41825352
israel	.74994493	.25005507
janet jackson	.98463473	.01536527
jason aldean	.99242213	.00757787
john cena	.95791181	.04208819
john kasich	.53592714	.46407286
josh hamilton	.88244887	.11755113
justin bieber	.95354370	.04645630
kane	.73741251	.26258749
kanye west	.72598428	.27401572
katy perry	.82061485	.17938515
kendrick	.78167599	.21832401
kendrick lamar	.83547694	.16452306
kim kardashian	.74208594	.25791406
kpop	.82801975	.17198025
kris bryant	.86472836	.13527164
lady gaga	.95132705	.04867295
milan	.95964323	.04035677
miss usa	.91821838	.08178162
moto g	.87076260	.12923740
murray	.93090939	.06909061
muslims	.52194491	.47805509
naruto	.95381723	.04618277
national hot dog day	.82511973	.17488027
national ice cream day	.95662143	.04337857
niall	.96827768	.03172232
nicki	.81700796	.18299204
nirvana	.94993978	.05006022
paper towns	.98142976	.01857024
paul dunne	.96139002	.03860998
paul mccartney	.95261806	.04738194
prince george	.99209325	.00790675
ps4	.94441504	.05558496
rahul gandhi	.65951090	.34048910
randy orton	.90753498	.09246502
real madrid	.88060599	.11939401
red sox	.91484221	.08515779
rolling stone	.90744925	.09255075
rousey	.78333120	.21666880
ryan braun	.88550769	.11449231
sam smith	.96776660	.03223340
saudi arabia	.63924931	.36075069
scott walker	.39577497	.60422503
seth rollins	.95089525	.04910475
sharknado	.91088251	.08911749
shawn	.96968124	.03031876
star wars day	.99498855	.00501145
super eagles	.89007660	.10992340
the vamps	.98330606	.01669394
thor	.88857673	.11142327
tom brady	.88926810	.11073190
tony blair	.53304963	.46695037
twilight	.93537067	.06462933
u2	.95395220	.04604780
watchman	.93996576	.06003424
white sox	.91469087	.08530913
yakub	.55434658	.44565342
yoga	.99130155	.00869845
zac brown band	.99206562	.00793438
zayn	.85213770	.14786230
