amy schumer	0.4	0.6
ant-man	0.991266375546	0.00873362445415
bad blood	1.0	0.0
bee gees	1.0	0.0
big brother	0.93063583815	0.0693641618497
boko haram	0.0596026490066	0.940397350993
briana	0.945652173913	0.054347826087
brock lesnar	0.795081967213	0.204918032787
caitlyn jenner	0.247311827957	0.752688172043
calibraska	0.945205479452	0.0547945205479
carly fiorina	0.872	0.128
cate blanchett	0.976744186047	0.0232558139535
charlie hebdo	0.581818181818	0.418181818182
chris evans	0.97520661157	0.0247933884298
christians	0.650943396226	0.349056603774
chuck norris	0.710526315789	0.289473684211
curtis	0.949494949495	0.0505050505051
dana white	0.925	0.075
dark souls	0.954022988506	0.0459770114943
david bowie	1.0	0.0
david price	0.983739837398	0.0162601626016
david wright	1.0	0.0
dean ambrose	0.96	0.04
dunkin	0.98275862069	0.0172413793103
dustin johnson	0.991803278689	0.00819672131148
ed sheeran	1.0	0.0
eid	0.913385826772	0.0866141732283
floyd mayweather	0.78125	0.21875
foo fighters	0.995670995671	0.004329004329
frank gifford	0.980769230769	0.0192307692308
frank ocean	0.986486486486	0.0135135135135
gay	0.715789473684	0.284210526316
george harrison	1.0	0.0
george osborne	0.867647058824	0.132352941176
gucci	0.976744186047	0.0232558139535
hulk hogan	0.936170212766	0.063829787234
ice cube	0.993243243243	0.00675675675676
ira	0.669421487603	0.330578512397
iran	0.434210526316	0.565789473684
iron maiden	1.0	0.0
islam	0.598540145985	0.401459854015
israel	0.637168141593	0.362831858407
janet jackson	1.0	0.0
jason aldean	1.0	0.0
john cena	0.993103448276	0.00689655172414
john kasich	0.569444444444	0.430555555556
josh hamilton	1.0	0.0
justin bieber	0.986111111111	0.0138888888889
kane	0.956989247312	0.0430107526882
kanye west	0.971631205674	0.0283687943262
katy perry	1.0	0.0
kendrick	1.0	0.0
kendrick lamar	1.0	0.0
kim kardashian	0.964912280702	0.0350877192982
kpop	0.973684210526	0.0263157894737
kris bryant	1.0	0.0
lady gaga	0.986842105263	0.0131578947368
milan	0.9625	0.0375
miss usa	0.936170212766	0.063829787234
moto g	0.951612903226	0.0483870967742
murray	0.938596491228	0.0614035087719
muslims	0.150793650794	0.849206349206
naruto	0.975308641975	0.0246913580247
national hot dog day	0.980132450331	0.0198675496689
national ice cream day	1.0	0.0
niall	0.962962962963	0.037037037037
nicki	0.984732824427	0.0152671755725
nirvana	1.0	0.0
paper towns	0.897142857143	0.102857142857
paul dunne	0.960526315789	0.0394736842105
paul mccartney	0.98275862069	0.0172413793103
prince george	1.0	0.0
ps4	0.973913043478	0.0260869565217
rahul gandhi	0.121621621622	0.878378378378
randy orton	0.860465116279	0.139534883721
real madrid	0.771428571429	0.228571428571
red sox	0.842105263158	0.157894736842
rolling stone	0.914893617021	0.0851063829787
rousey	0.678571428571	0.321428571429
ryan braun	0.95	0.05
sam smith	1.0	0.0
saudi arabia	0.69014084507	0.30985915493
scott walker	0.819444444444	0.180555555556
seth rollins	1.0	0.0
sharknado	0.976608187135	0.0233918128655
shawn	0.975	0.025
star wars day	0.978260869565	0.0217391304348
super eagles	1.0	0.0
the vamps	1.0	0.0
thor	0.961538461538	0.0384615384615
tom brady	0.918181818182	0.0818181818182
tony blair	0.64	0.36
twilight	0.978873239437	0.0211267605634
u2	0.978494623656	0.0215053763441
watchman	0.883333333333	0.116666666667
white sox	0.924528301887	0.0754716981132
yakub	0.681818181818	0.318181818182
yoga	1.0	0.0
zac brown band	1.0	0.0
zayn	0.957264957265	0.042735042735
