amy schumer	0.787037037	0.212962963
ant-man	0.721830986	0.278169014
bad blood	0.77037037	0.22962963
bee gees	0.609756098	0.390243902
big brother	0.671586716	0.328413284
boko haram	0.609375	0.390625
briana	0.53968254	0.46031746
brock lesnar	0.617424242	0.382575758
caitlyn jenner	0.510526316	0.489473684
calibraska	0.317307692	0.682692308
carly fiorina	0.295081967	0.704918033
cate blanchett	0.528571429	0.471428571
charlie hebdo	0.737113402	0.262886598
chris evans	0.394736842	0.605263158
christians	0.433098592	0.566901408
chuck norris	0.510416667	0.489583333
curtis	0.591549296	0.408450704
dana white	0.505050505	0.494949495
dark souls	0.335877863	0.664122137
david bowie	0.532544379	0.467455621
david price	0.25498008	0.74501992
david wright	0.489082969	0.510917031
dean ambrose	0.551282051	0.448717949
dunkin	0.556701031	0.443298969
dustin johnson	0.736263736	0.263736264
ed sheeran	0.184313725	0.815686275
eid	0.540925267	0.459074733
floyd mayweather	0.924855491	0.075144509
foo fighters	0.851590106	0.148409894
frank gifford	0.89787234	0.10212766
frank ocean	0.878472222	0.121527778
gay	0.446043165	0.553956835
george harrison	0.870588235	0.129411765
george osborne	0.822222222	0.177777778
gucci	0.385964912	0.614035088
hulk hogan	0.435185185	0.564814815
ice cube	0.950704225	0.049295775
ira	0.619047619	0.380952381
iran	0.582089552	0.417910448
iron maiden	0.588516746	0.411483254
islam	0.599264706	0.400735294
israel	0.39380531	0.60619469
janet jackson	0.382113821	0.617886179
jason aldean	0.93877551	0.06122449
john cena	0.274509804	0.725490196
john kasich	0.577114428	0.422885572
josh hamilton	0.444444444	0.555555556
justin bieber	0.22972973	0.77027027
kane	0.669064748	0.330935252
kanye west	0.643137255	0.356862745
katy perry	0.894736842	0.105263158
kendrick	0.407017544	0.592982456
kendrick lamar	0.246835443	0.753164557
kim kardashian	0.118181818	0.881818182
kpop	0.5	0.5
kris bryant	0.558558559	0.441441441
lady gaga	0.591240876	0.408759124
milan	0.622789784	0.377210216
miss usa	0.442477876	0.557522124
moto g	0.333333333	0.666666667
murray	0.489208633	0.510791367
muslims	0.655172414	0.344827586
naruto	0.557553957	0.442446043
national hot dog day	0.234939759	0.765060241
national ice cream day	0.859756098	0.140243902
niall	0.503731343	0.496268657
nicki	0.503472222	0.496527778
nirvana	0.972972973	0.027027027
paper towns	0.195833333	0.804166667
paul dunne	0.756972112	0.243027888
paul mccartney	0.730769231	0.269230769
prince george	0.560185185	0.439814815
ps4	0.739622642	0.260377358
rahul gandhi	0.605555556	0.394444444
randy orton	0.47008547	0.52991453
real madrid	0.904040404	0.095959596
red sox	0.635983264	0.364016736
rolling stone	0.341269841	0.658730159
rousey	0.731818182	0.268181818
ryan braun	0.682692308	0.317307692
sam smith	0.595588235	0.404411765
saudi arabia	0.97005988	0.02994012
scott walker	0.937823834	0.062176166
seth rollins	0.310861423	0.689138577
sharknado	0.458333333	0.541666667
shawn	0.326460481	0.673539519
star wars day	0.542056075	0.457943925
super eagles	0.74863388	0.25136612
the vamps	0.576086957	0.423913043
thor	0.31316726	0.68683274
tom brady	0.668016194	0.331983806
tony blair	0.648	0.352
twilight	0.58203125	0.41796875
u2	0.558441558	0.441558442
watchman	0.43442623	0.56557377
white sox	0.379464286	0.620535714
yakub	0.513011152	0.486988848
yoga	0.485875706	0.514124294
zac brown band	0.013793103	0.986206897
zayn	0.797833935	0.202166065
