amy schumer	0.8323196773	0.1676803227
ant-man	0.8821366555	0.1178633445
bad blood	0.7078061730	0.2921938270
bee gees	0.9632220276	0.0367779724
big brother	0.8243089899	0.1756910101
boko haram	0.5893240445	0.4106759555
briana	0.7008213548	0.2991786452
brock lesnar	0.8596650135	0.1403349865
caitlyn jenner	0.6014913647	0.3985086353
calibraska	0.9305007754	0.0694992246
carly fiorina	0.6588948959	0.3411051041
cate blanchett	0.8727128479	0.1272871521
charlie hebdo	0.5608305502	0.4391694498
chris evans	0.8584419522	0.1415580478
christians	0.5541080410	0.4458919590
chuck norris	0.8224253971	0.1775746029
curtis	0.8822507571	0.1177492429
dana white	0.6558456387	0.3441543613
dark souls	0.8321045942	0.1678954058
david bowie	0.9232275164	0.0767724836
david price	0.8431065510	0.1568934490
david wright	0.8610938248	0.1389061752
dean ambrose	0.8364511197	0.1635488803
dunkin	0.8917390056	0.1082609944
dustin johnson	0.8718572724	0.1281427276
ed sheeran	0.9413784903	0.0586215097
eid	0.8959460380	0.1040539620
floyd mayweather	0.8097278157	0.1902721843
foo fighters	0.9390514521	0.0609485479
frank gifford	0.8987943614	0.1012056386
frank ocean	0.8784618313	0.1215381687
gay	0.5785366608	0.4214633392
george harrison	0.9441544172	0.0558455828
george osborne	0.7101602640	0.2898397360
gucci	0.8144015733	0.1855984267
hulk hogan	0.5087561601	0.4912438399
ice cube	0.8958307483	0.1041692517
ira	0.5087060752	0.4912939248
iran	0.4521860228	0.5478139772
iron maiden	0.9425367054	0.0574632946
islam	0.5377445942	0.4622554058
israel	0.6162558746	0.3837441254
janet jackson	0.9440406187	0.0559593813
jason aldean	0.9746868942	0.0253131058
john cena	0.8354304507	0.1645695493
john kasich	0.6087672476	0.3912327524
josh hamilton	0.7839076624	0.2160923376
justin bieber	0.8952488090	0.1047511910
kane	0.6885212581	0.3114787419
kanye west	0.7292226717	0.2707773283
katy perry	0.8530247285	0.1469752715
kendrick	0.8201726809	0.1798273191
kendrick lamar	0.8618429632	0.1381570368
kim kardashian	0.6622695557	0.3377304443
kpop	0.7910434175	0.2089565825
kris bryant	0.7771249065	0.2228750935
lady gaga	0.8837756327	0.1162243673
milan	0.8794970796	0.1205029204
miss usa	0.8344469091	0.1655530909
moto g	0.8783352247	0.1216647753
murray	0.8649211846	0.1350788154
muslims	0.3739728644	0.6260271356
naruto	0.8679872963	0.1320127037
national hot dog day	0.8440768319	0.1559231681
national ice cream day	0.9423894022	0.0576105978
niall	0.8851845822	0.1148154178
nicki	0.7459206871	0.2540793129
nirvana	0.9223324185	0.0776675815
paper towns	0.8945939850	0.1054060150
paul dunne	0.8829625070	0.1170374930
paul mccartney	0.8859524081	0.1140475919
prince george	0.9647186681	0.0352813319
ps4	0.8782399187	0.1217600813
rahul gandhi	0.5387605924	0.4612394076
randy orton	0.8190506458	0.1809493542
real madrid	0.8267971631	0.1732028369
red sox	0.7902234996	0.2097765004
rolling stone	0.8683507751	0.1316492249
rousey	0.7151612797	0.2848387203
ryan braun	0.8138598112	0.1861401888
sam smith	0.9074878445	0.0925121555
saudi arabia	0.5691010753	0.4308989247
scott walker	0.4319604449	0.5680395551
seth rollins	0.8523715833	0.1476284167
sharknado	0.8150511126	0.1849488874
shawn	0.9024148053	0.0975851947
star wars day	0.9601172574	0.0398827426
super eagles	0.8823140777	0.1176859223
the vamps	0.8900396531	0.1099603469
thor	0.8420039589	0.1579960411
tom brady	0.7998632298	0.2001367702
tony blair	0.5257406120	0.4742593880
twilight	0.8939213002	0.1060786998
u2	0.9036514679	0.0963485321
watchman	0.8874217068	0.1125782932
white sox	0.7925731102	0.2074268898
yakub	0.4572364769	0.5427635231
yoga	0.9631964322	0.0368035678
zac brown band	0.9629870111	0.0370129889
zayn	0.8105721350	0.1894278650
