amy schumer	0.0100432342315	0.115916413757	0.286348505256	0.55078095387	0.0369108957867
ant-man	0.0306546216197	0.0849460878057	0.26964475029	0.566356197244	0.0483983336681
bad blood	0.036643036963	0.23097873203	0.296803907963	0.380223443908	0.0553509331739
bee gees	0.00307386123171	0.05527293414	0.20891269058	0.684446863888	0.0482936483396
big brother	0.0147445606941	0.109647019775	0.3014635044	0.531358276259	0.0427866153566
boko haram	0.0201919204687	0.196727161071	0.472767700084	0.297750173008	0.0125630315244
briana	0.0179566960688	0.18764618352	0.387446768688	0.38007642719	0.026873944146
brock lesnar	0.0141962240909	0.0932096226807	0.337652082223	0.517066861023	0.0378751599897
caitlyn jenner	0.0180368333789	0.192316703667	0.386273088242	0.384284523377	0.0190888825408
calibraska	0.00733487725	0.0670092101222	0.281421786374	0.581571576502	0.062662568973
carly fiorina	0.0161627881202	0.116942892402	0.514486559687	0.33912846862	0.0132793212776
cate blanchett	0.00664637841429	0.0767638962301	0.323282188588	0.549427887701	0.0438796005749
charlie hebdo	0.0229685325258	0.161356091457	0.500114290902	0.30368427256	0.0118767783877
chris evans	0.00920510514211	0.0878865627729	0.322678305452	0.538482606142	0.0417474416182
christians	0.0180343272782	0.246743441699	0.407696543027	0.303162875773	0.0243628201168
chuck norris	0.0162207223958	0.115026356845	0.344286462188	0.501119503938	0.0233469911296
curtis	0.00776829621127	0.0759431759098	0.34500177493	0.53922521744	0.0320615193065
dana white	0.0305814547677	0.153286509067	0.391945446827	0.408791729915	0.0153948596886
dark souls	0.0187995242748	0.158928459426	0.291553616948	0.485639828463	0.0450785451629
david bowie	0.00689910570414	0.0629701943657	0.238562156163	0.632359917196	0.0592085512556
david price	0.0132073090438	0.118910121946	0.384370296596	0.45253437703	0.0309778961941
david wright	0.0103579603493	0.0919543638685	0.400860418665	0.47155410991	0.0252731568453
dean ambrose	0.0106760708462	0.0968375992401	0.401215142341	0.469203203989	0.0220679320466
dunkin	0.012977146323	0.0898223071943	0.259992340636	0.588861600663	0.0483466362364
dustin johnson	0.010759633652	0.0947274541868	0.367629653598	0.505964326031	0.0209189286702
ed sheeran	0.0054279867451	0.0554126926098	0.198616322711	0.665864553351	0.074678453166
eid	0.0135625871246	0.112831387158	0.303179387517	0.515254004951	0.0551726512384
floyd mayweather	0.0143748630694	0.0973754584099	0.369537461876	0.49485011487	0.0238621128084
foo fighters	0.00562116814488	0.0548607421	0.205508099079	0.656499465309	0.0775105371867
frank gifford	0.00977076777447	0.0801079115922	0.305622746171	0.570407839722	0.0340907045876
frank ocean	0.0118264952951	0.0835849356361	0.309135655651	0.563398175735	0.0320547676654
gay	0.0229884893273	0.260906003089	0.389063022329	0.304598608657	0.022443853857
george harrison	0.00575061983529	0.05290934823	0.243073469245	0.660074655979	0.0381919593608
george osborne	0.0165710069481	0.136642015748	0.462583010287	0.371254949462	0.0129490389844
gucci	0.00960961101754	0.112336389746	0.384280367272	0.468770914403	0.0250027025966
hulk hogan	0.0273438563148	0.23965030197	0.430164565472	0.292557130739	0.0102841447653
ice cube	0.010991454838	0.075958484521	0.294079548799	0.56578682831	0.0531836715861
ira	0.0275881391299	0.228422914752	0.435066806022	0.294870272147	0.0140518780901
iran	0.0303931069154	0.254462780252	0.45401535489	0.250449221836	0.0106795278149
iron maiden	0.00650754441148	0.0503758603743	0.22285903217	0.662546030219	0.0577115068891
islam	0.0333193639338	0.286661811909	0.39493001588	0.26777648391	0.0173123143059
israel	0.0202545151681	0.183760347254	0.429202253674	0.334910093733	0.0318727898684
janet jackson	0.00523337678862	0.0391365866779	0.269094156301	0.632321008435	0.0542149098484
jason aldean	0.00305080157551	0.0290239252405	0.16222255904	0.722069396748	0.0836332837352
john cena	0.0146087863922	0.0822791920034	0.391491829738	0.484744713466	0.0268754576202
john kasich	0.0113263206169	0.125060703425	0.497053384148	0.353850890023	0.0127087223733
josh hamilton	0.0147979476068	0.12370757432	0.417655720796	0.428793924031	0.0150447394146
justin bieber	0.0108580508829	0.0850144482276	0.292735798776	0.543843319183	0.0675483848178
kane	0.0149488553993	0.148976395568	0.439003290759	0.377831787438	0.0192396985507
kanye west	0.0176661813333	0.142343862738	0.392401791185	0.420817276412	0.0267708605823
katy perry	0.010065983614	0.0963267187278	0.302345559097	0.566236670851	0.0250250652048
kendrick	0.0105920461053	0.112378728684	0.367495222465	0.477375373189	0.0321586430821
kendrick lamar	0.0114115926203	0.0978554265073	0.30047338454	0.546736642129	0.0435229113152
kim kardashian	0.0161129035545	0.236434099797	0.373877872746	0.355104856428	0.0184702891107
kpop	0.0185668842905	0.141679516289	0.382092219805	0.428610665899	0.0290507102863
kris bryant	0.016942193018	0.134114691953	0.415422434495	0.412030880493	0.021489823409
lady gaga	0.0122126338686	0.0719090331401	0.292747275315	0.57678522754	0.0463458080018
milan	0.00891033086051	0.0852200908665	0.329393005672	0.539129454435	0.0373471183046
miss usa	0.00680946387611	0.127474694248	0.339075462246	0.487392426613	0.0392479401292
moto g	0.0289396139007	0.092285121028	0.403920012506	0.45383891214	0.0210163572215
murray	0.0109783056079	0.101917387316	0.351777593969	0.496940323503	0.0383863598785
muslims	0.0908586168621	0.35721229072	0.36276277178	0.181082072218	0.00808425664052
naruto	0.0194794757662	0.113648964523	0.344251111662	0.491987381847	0.0306330773083
national hot dog day	0.00704060686747	0.176188425389	0.253145326925	0.526008412242	0.0376172780551
national ice cream day	0.00762761581707	0.0641142190205	0.158889700825	0.712550257591	0.0568182324922
niall	0.0128027971903	0.105789220189	0.300895744593	0.521472327719	0.0590399176031
nicki	0.0220832452743	0.181077773614	0.400554881124	0.376935178969	0.0193489487042
nirvana	0.00921150992664	0.0638365668168	0.312944827997	0.580069649227	0.033937425879
paper towns	0.0113997114333	0.0874455086137	0.26450317765	0.575535709964	0.0611158751422
paul dunne	0.00882272184861	0.0727655282006	0.326544543711	0.554697179317	0.0371700420366
paul mccartney	0.00725357600481	0.0621230912018	0.302296588789	0.589431680988	0.0388950720469
prince george	0.00516257183333	0.0511362767033	0.246007650954	0.604477734148	0.0932157798774
ps4	0.0106301909019	0.114965140553	0.336756677886	0.508271990458	0.029375976384
rahul gandhi	0.0181427660833	0.181030613365	0.488979886443	0.301711450873	0.0101352238555
randy orton	0.00841959052137	0.0891189598194	0.374143422768	0.503279682643	0.0250383511334
real madrid	0.0180249631818	0.0882707262487	0.425722366752	0.453223880387	0.0147580674925
red sox	0.0153262590837	0.133840684141	0.378394663414	0.445481264937	0.0269570900665
rolling stone	0.0109317340714	0.13101836299	0.272330227513	0.547846988563	0.0378727074949
rousey	0.0171131325227	0.18429931582	0.392072488872	0.384090539753	0.0224245134045
ryan braun	0.0128900200481	0.125249636621	0.364398953206	0.473546146402	0.0239151916621
sam smith	0.0111436341434	0.0626384846966	0.288191558622	0.586753742014	0.0512725893267
saudi arabia	0.0161359213353	0.194245227803	0.465548769586	0.314901245419	0.00916886085843
scott walker	0.0612605945078	0.184843122586	0.480891631899	0.263836355988	0.0091682738437
seth rollins	0.0130705349925	0.0901209721799	0.343154979626	0.507325183058	0.0463283202948
sharknado	0.0283510017882	0.114559649908	0.316826386461	0.492027046548	0.0482359051592
shawn	0.00947727836426	0.0856657578046	0.292456860043	0.561704572406	0.0506955510742
star wars day	0.00583720684112	0.0477715368086	0.143658598636	0.725491887763	0.0772406989581
super eagles	0.00563693835519	0.0838769911849	0.418869312628	0.472725122458	0.0188916276149
the vamps	0.00856832271739	0.0738391404628	0.282519515906	0.586427439793	0.0486455876274
thor	0.0142170991886	0.108540322244	0.352589580444	0.490954639326	0.0336983539315
tom brady	0.0134947178057	0.123858568269	0.35443996586	0.479468088621	0.0287386484224
tony blair	0.02574598752	0.19505611817	0.481034892852	0.286724444343	0.011438614881
twilight	0.0110148151953	0.0832852001491	0.279007210551	0.586631669937	0.0400610572988
u2	0.0100151034286	0.0851589766664	0.294307704189	0.563791267722	0.0467269298608
watchman	0.00829538781967	0.0857666808424	0.320668540483	0.539808343582	0.045461051371
white sox	0.0149386597321	0.0913363082349	0.41337584643	0.465349416062	0.0149998245277
yakub	0.0310289711896	0.242751494295	0.462322830744	0.254138542461	0.00975818260666
yoga	0.00382843622034	0.044020718285	0.19934735745	0.703572595661	0.0492309115314
zac brown band	0.00395020345517	0.0380539616896	0.159111000559	0.713631893555	0.0852530121944
zayn	0.0214697378448	0.126150950224	0.405093307604	0.414538196854	0.0327477954611
