amy schumer	0	0	0	1	0
ant-man	0	0	0	1	0
bad blood	0	0	0	1	0
bee gees	0	0	0	1	0
big brother	0	0	0	1	0
boko haram	0	0	0	1	0
briana	0	0	0	1	0
brock lesnar	0	0	0	1	0
caitlyn jenner	0	0	0	1	0
calibraska	0	0	0	1	0
carly fiorina	0	0	0	1	0
cate blanchett	0	0	0	1	0
charlie hebdo	0	0	0	1	0
chris evans	0	0	0	1	0
christians	0	0	0	1	0
chuck norris	0	0	0	1	0
curtis	0	0	0	1	0
dana white	0	0	0	1	0
dark souls	0	0	0	1	0
david bowie	0	0	0	1	0
david price	0	0	0	1	0
david wright	0	0	0	1	0
dean ambrose	0	0	0	1	0
dunkin	0	0	0	1	0
dustin johnson	0	0	0	1	0
ed sheeran	0	0	0	1	0
eid	0	0	0	1	0
floyd mayweather	0	0	0	1	0
foo fighters	0	0	0	1	0
frank gifford	0	0	0	1	0
frank ocean	0	0	0	1	0
gay	0	0	0	1	0
george harrison	0	0	0	1	0
george osborne	0	0	0	1	0
gucci	0	0	0	1	0
hulk hogan	0	0	0	1	0
ice cube	0	0	0	1	0
ira	0	0	0	1	0
iran	0	0	0	1	0
iron maiden	0	0	0	1	0
islam	0	0	0	1	0
israel	0	0	0	1	0
janet jackson	0	0	0	1	0
jason aldean	0	0	0	1	0
john cena	0	0	0	1	0
john kasich	0	0	0	1	0
josh hamilton	0	0	0	1	0
justin bieber	0	0	0	1	0
kane	0	0	0	1	0
kanye west	0	0	0	1	0
katy perry	0	0	0	1	0
kendrick	0	0	0	1	0
kendrick lamar	0	0	0	1	0
kim kardashian	0	0	0	1	0
kpop	0	0	0	1	0
kris bryant	0	0	0	1	0
lady gaga	0	0	0	1	0
milan	0	0	0	1	0
miss usa	0	0	0	1	0
moto g	0	0	0	1	0
murray	0	0	0	1	0
muslims	0	0	0	1	0
naruto	0	0	0	1	0
national hot dog day	0	0	0	1	0
national ice cream day	0	0	0	1	0
niall	0	0	0	1	0
nicki	0	0	0	1	0
nirvana	0	0	0	1	0
paper towns	0	0	0	1	0
paul dunne	0	0	0	1	0
paul mccartney	0	0	0	1	0
prince george	0	0	0	1	0
ps4	0	0	0	1	0
rahul gandhi	0	0	0	1	0
randy orton	0	0	0	1	0
real madrid	0	0	0	1	0
red sox	0	0	0	1	0
rolling stone	0	0	0	1	0
rousey	0	0	0	1	0
ryan braun	0	0	0	1	0
sam smith	0	0	0	1	0
saudi arabia	0	0	0	1	0
scott walker	0	0	0	1	0
seth rollins	0	0	0	1	0
sharknado	0	0	0	1	0
shawn	0	0	0	1	0
star wars day	0	0	0	1	0
super eagles	0	0	0	1	0
the vamps	0	0	0	1	0
thor	0	0	0	1	0
tom brady	0	0	0	1	0
tony blair	0	0	0	1	0
twilight	0	0	0	1	0
u2	0	0	0	1	0
watchman	0	0	0	1	0
white sox	0	0	0	1	0
yakub	0	0	0	1	0
yoga	0	0	0	1	0
zac brown band	0	0	0	1	0
zayn	0	0	0	1	0
