amy schumer	1	0	60
ant-man	1	0	229
bad blood	1	0	66
bee gees	1	0	44
big brother	1	0	173
boko haram	1	0	151
briana	1	0	92
brock lesnar	1	0	122
caitlyn jenner	1	0	93
calibraska	1	0	73
carly fiorina	1	0	125
cate blanchett	1	0	43
charlie hebdo	1	0	55
chris evans	1	0	121
christians	1	0	106
chuck norris	1	0	38
curtis	1	0	99
dana white	1	0	40
dark souls	1	0	87
david bowie	1	0	96
david price	1	0	123
david wright	1	0	99
dean ambrose	1	0	25
dunkin	1	0	174
dustin johnson	1	0	122
ed sheeran	1	0	168
eid	1	0	127
floyd mayweather	1	0	64
foo fighters	1	0	231
frank gifford	1	0	156
frank ocean	1	0	148
gay	1	0	95
george harrison	1	0	49
george osborne	1	0	68
gucci	1	0	86
hulk hogan	1	0	94
ice cube	1	0	148
ira	1	0	121
iran	1	0	76
iron maiden	1	0	136
islam	1	0	137
israel	1	0	113
janet jackson	1	0	98
jason aldean	1	0	140
john cena	1	0	145
john kasich	1	0	72
josh hamilton	1	0	53
justin bieber	1	0	144
kane	1	0	93
kanye west	1	0	141
katy perry	1	0	52
kendrick	1	0	179
kendrick lamar	1	0	105
kim kardashian	1	0	57
kpop	1	0	76
kris bryant	1	0	101
lady gaga	1	0	76
milan	1	0	160
miss usa	1	0	47
moto g	1	0	62
murray	1	0	114
muslims	1	0	126
naruto	1	0	162
national hot dog day	1	0	151
national ice cream day	1	0	158
niall	1	0	135
nicki	1	0	131
nirvana	1	0	129
paper towns	1	0	175
paul dunne	1	0	152
paul mccartney	1	0	116
prince george	1	0	127
ps4	1	0	115
rahul gandhi	1	0	74
randy orton	1	0	43
real madrid	1	0	35
red sox	1	0	95
rolling stone	1	0	47
rousey	1	0	84
ryan braun	1	0	60
sam smith	1	0	166
saudi arabia	1	0	71
scott walker	1	0	72
seth rollins	1	0	106
sharknado	1	0	171
shawn	1	0	160
star wars day	1	0	92
super eagles	1	0	40
the vamps	1	0	60
thor	1	0	156
tom brady	1	0	110
tony blair	1	0	75
twilight	1	0	142
u2	1	0	93
watchman	1	0	60
white sox	1	0	53
yakub	1	0	110
yoga	1	0	81
zac brown band	1	0	113
zayn	1	0	117
